#
# There is insufficient memory for the Java Runtime Environment to continue.
# Native memory allocation (mmap) failed to map 65011712 bytes. Error detail: G1 virtual space
# Possible reasons:
#   The system is out of physical RAM or swap space
#   This process is running with CompressedOops enabled, and the Java Heap may be blocking the growth of the native heap
# Possible solutions:
#   Reduce memory load on the system
#   Increase physical memory or swap space
#   Check if swap backing store is full
#   Decrease Java heap size (-Xmx/-Xms)
#   Decrease number of Java threads
#   Decrease Java thread stack sizes (-Xss)
#   Set larger code cache with -XX:ReservedCodeCacheSize=
#   JVM is running with Unscaled Compressed Oops mode in which the Java heap is
#     placed in the first 4GB address space. The Java Heap base address is the
#     maximum limit for the native heap growth. Please use -XX:HeapBaseMinAddress
#     to set the Java Heap base and to place the Java Heap above 4GB virtual address.
# This output file may be truncated or incomplete.
#
#  Out of Memory Error (os_windows.cpp:3828), pid=16212, tid=9264
#
# JRE version:  (21.0.5+8) (build )
# Java VM: OpenJDK 64-Bit Server VM (21.0.5+8-b631.28, mixed mode, sharing, tiered, compressed oops, compressed class ptrs, g1 gc, windows-amd64)
# No core dump will be written. Minidumps are not enabled by default on client versions of Windows
#

---------------  S U M M A R Y ------------

Command Line: git4idea.http.GitAskPassApp Username for 'https://github.com': 

Host: Intel(R) Celeron(R) N4120 CPU @ 1.10GHz, 4 cores, 3G,  Windows 11 , 64 bit Build 22621 (10.0.22621.4391)
Time: Tue Dec 17 18:25:17 2024 GMT Standard Time elapsed time: 0.041330 seconds (0d 0h 0m 0s)

---------------  T H R E A D  ---------------

Current thread (0x00000229c8eaf190):  JavaThread "Unknown thread" [_thread_in_vm, id=9264, stack(0x0000006ee3400000,0x0000006ee3500000) (1024K)]

Stack: [0x0000006ee3400000,0x0000006ee3500000]
Native frames: (J=compiled Java code, j=interpreted, Vv=VM code, C=native code)
V  [jvm.dll+0x6e52b9]
V  [jvm.dll+0x8c3633]
V  [jvm.dll+0x8c5b8e]
V  [jvm.dll+0x8c6273]
V  [jvm.dll+0x288f46]
V  [jvm.dll+0x6e1a35]
V  [jvm.dll+0x6d5e3a]
V  [jvm.dll+0x3634bb]
V  [jvm.dll+0x36b086]
V  [jvm.dll+0x3bd346]
V  [jvm.dll+0x3bd618]
V  [jvm.dll+0x335c2c]
V  [jvm.dll+0x33691b]
V  [jvm.dll+0x88aa89]
V  [jvm.dll+0x3ca518]
V  [jvm.dll+0x873b98]
V  [jvm.dll+0x45eede]
V  [jvm.dll+0x460bc1]
C  [jli.dll+0x52ab]
C  [ucrtbase.dll+0x29333]
C  [KERNEL32.DLL+0x1259d]
C  [ntdll.dll+0x5af38]


---------------  P R O C E S S  ---------------

Threads class SMR info:
_java_thread_list=0x00007ffff093a148, length=0, elements={
}

Java Threads: ( => current thread )
Total: 0

Other Threads:
  0x00000229c8ee2b50 WorkerThread "GC Thread#0"                     [id=3388, stack(0x0000006ee3500000,0x0000006ee3600000) (1024K)]
  0x00000229c8eebec0 ConcurrentGCThread "G1 Main Marker"            [id=4704, stack(0x0000006ee3600000,0x0000006ee3700000) (1024K)]
  0x00000229c8eec9c0 WorkerThread "G1 Conc#0"                       [id=8380, stack(0x0000006ee3700000,0x0000006ee3800000) (1024K)]

[error occurred during error reporting (printing all threads), id 0xc0000005, EXCEPTION_ACCESS_VIOLATION (0xc0000005) at pc=0x00007ffff0028ce7]
VM state: not at safepoint (not fully initialized)

VM Mutex/Monitor currently owned by a thread:  ([mutex/lock_event])
[0x00007ffff09aeb30] Heap_lock - owner thread: 0x00000229c8eaf190

Heap address: 0x00000000c2e00000, size: 978 MB, Compressed Oops mode: 32-bit

CDS archive(s) mapped at: [0x0000000000000000-0x0000000000000000-0x0000000000000000), size 0, SharedBaseAddress: 0x0000000800000000, ArchiveRelocationMode: 1.
Narrow klass base: 0x0000000000000000, Narrow klass shift: 0, Narrow klass range: 0x0

GC Precious Log:
 CardTable entry size: 512
 Card Set container configuration: InlinePtr #cards 5 size 8 Array Of Cards #cards 12 size 40 Howl #buckets 4 coarsen threshold 1843 Howl Bitmap #cards 512 size 80 coarsen threshold 460 Card regions per heap region 1 cards per card region 2048

Heap:
 garbage-first heap   total 0K, used 0K [0x00000000c2e00000, 0x0000000100000000)
  region size 1024K, 0 young (0K), 0 survivors (0K)
 Metaspace       used 0K, committed 0K, reserved 0K
  class space    used 0K, committed 0K, reserved 0K

Heap Regions: E=young(eden), S=young(survivor), O=old, HS=humongous(starts), HC=humongous(continues), CS=collection set, F=free, TAMS=top-at-mark-start, PB=parsable bottom

Card table byte_map: [0x00000229dc030000,0x00000229dc220000] _byte_map_base: 0x00000229dba19000

Marking Bits: (CMBitMap*) 0x00000229c8ee3250
 Bits: [0x00000229dc220000, 0x00000229dd168000)

GC Heap History (0 events):
No events

Dll operation events (1 events):
Event: 0.021 Loaded shared library C:\Program Files\JetBrains\WebStorm 2024.3.1\jbr\bin\java.dll

Deoptimization events (0 events):
No events

Classes loaded (0 events):
No events

Classes unloaded (0 events):
No events

Classes redefined (0 events):
No events

Internal exceptions (0 events):
No events

ZGC Phase Switch (0 events):
No events

VM Operations (0 events):
No events

Memory protections (0 events):
No events

Nmethod flushes (0 events):
No events

Events (0 events):
No events


Dynamic libraries:
0x00007ff7cb650000 - 0x00007ff7cb65a000 	C:\Program Files\JetBrains\WebStorm 2024.3.1\jbr\bin\java.exe
0x00007ff8537d0000 - 0x00007ff8539e7000 	C:\WINDOWS\SYSTEM32\ntdll.dll
0x00007ff852bb0000 - 0x00007ff852c74000 	C:\WINDOWS\System32\KERNEL32.DLL
0x00007ff850bf0000 - 0x00007ff850faa000 	C:\WINDOWS\System32\KERNELBASE.dll
0x00007ff850ad0000 - 0x00007ff850be1000 	C:\WINDOWS\System32\ucrtbase.dll
0x00007ff84ca60000 - 0x00007ff84ca7b000 	C:\Program Files\JetBrains\WebStorm 2024.3.1\jbr\bin\VCRUNTIME140.dll
0x00007ff831fc0000 - 0x00007ff831fd8000 	C:\Program Files\JetBrains\WebStorm 2024.3.1\jbr\bin\jli.dll
0x00007ff852cd0000 - 0x00007ff852e7e000 	C:\WINDOWS\System32\USER32.dll
0x00007ff851420000 - 0x00007ff851446000 	C:\WINDOWS\System32\win32u.dll
0x00007ff853760000 - 0x00007ff853789000 	C:\WINDOWS\System32\GDI32.dll
0x00007ff850fb0000 - 0x00007ff8510cb000 	C:\WINDOWS\System32\gdi32full.dll
0x00007ff851150000 - 0x00007ff8511ea000 	C:\WINDOWS\System32\msvcp_win.dll
0x00007ff8327d0000 - 0x00007ff832a62000 	C:\WINDOWS\WinSxS\amd64_microsoft.windows.common-controls_6595b64144ccf1df_6.0.22621.4541_none_2710d1c57384c085\COMCTL32.dll
0x00007ff852ae0000 - 0x00007ff852b87000 	C:\WINDOWS\System32\msvcrt.dll
0x00007ff851e70000 - 0x00007ff851ea1000 	C:\WINDOWS\System32\IMM32.DLL
0x00007ff84ca20000 - 0x00007ff84ca2c000 	C:\Program Files\JetBrains\WebStorm 2024.3.1\jbr\bin\vcruntime140_1.dll
0x00007ff822c10000 - 0x00007ff822c9d000 	C:\Program Files\JetBrains\WebStorm 2024.3.1\jbr\bin\msvcp140.dll
0x00007fffefce0000 - 0x00007ffff0aa1000 	C:\Program Files\JetBrains\WebStorm 2024.3.1\jbr\bin\server\jvm.dll
0x00007ff8527c0000 - 0x00007ff852872000 	C:\WINDOWS\System32\ADVAPI32.dll
0x00007ff851cb0000 - 0x00007ff851d57000 	C:\WINDOWS\System32\sechost.dll
0x00007ff850aa0000 - 0x00007ff850ac8000 	C:\WINDOWS\System32\bcrypt.dll
0x00007ff851860000 - 0x00007ff851974000 	C:\WINDOWS\System32\RPCRT4.dll
0x00007ff852a60000 - 0x00007ff852ad1000 	C:\WINDOWS\System32\WS2_32.dll
0x00007ff850970000 - 0x00007ff8509bd000 	C:\WINDOWS\SYSTEM32\POWRPROF.dll
0x00007ff8490c0000 - 0x00007ff8490f4000 	C:\WINDOWS\SYSTEM32\WINMM.dll
0x00007ff849920000 - 0x00007ff84992a000 	C:\WINDOWS\SYSTEM32\VERSION.dll
0x00007ff850950000 - 0x00007ff850963000 	C:\WINDOWS\SYSTEM32\UMPDC.dll
0x00007ff84fae0000 - 0x00007ff84faf8000 	C:\WINDOWS\SYSTEM32\kernel.appcore.dll
0x00007ff84c9e0000 - 0x00007ff84c9ea000 	C:\Program Files\JetBrains\WebStorm 2024.3.1\jbr\bin\jimage.dll
0x00007ff84e400000 - 0x00007ff84e632000 	C:\WINDOWS\SYSTEM32\DBGHELP.DLL
0x00007ff8514d0000 - 0x00007ff85185f000 	C:\WINDOWS\System32\combase.dll
0x00007ff852980000 - 0x00007ff852a57000 	C:\WINDOWS\System32\OLEAUT32.dll
0x00007ff82d380000 - 0x00007ff82d3b2000 	C:\WINDOWS\SYSTEM32\dbgcore.DLL
0x00007ff851450000 - 0x00007ff8514cb000 	C:\WINDOWS\System32\bcryptPrimitives.dll
0x00007ff84c740000 - 0x00007ff84c760000 	C:\Program Files\JetBrains\WebStorm 2024.3.1\jbr\bin\java.dll

dbghelp: loaded successfully - version: 4.0.5 - missing functions: none
symbol engine: initialized successfully - sym options: 0x614 - pdb path: .;C:\Program Files\JetBrains\WebStorm 2024.3.1\jbr\bin;C:\WINDOWS\SYSTEM32;C:\WINDOWS\WinSxS\amd64_microsoft.windows.common-controls_6595b64144ccf1df_6.0.22621.4541_none_2710d1c57384c085;C:\Program Files\JetBrains\WebStorm 2024.3.1\jbr\bin\server

VM Arguments:
java_command: git4idea.http.GitAskPassApp Username for 'https://github.com': 
java_class_path (initial): C:/Program Files/JetBrains/WebStorm 2024.3.1/plugins/vcs-git/lib/git4idea-rt.jar;C:/Program Files/JetBrains/WebStorm 2024.3.1/lib/externalProcess-rt.jar
Launcher Type: SUN_STANDARD

[Global flags]
     intx CICompilerCount                          = 3                                         {product} {ergonomic}
     uint ConcGCThreads                            = 1                                         {product} {ergonomic}
     uint G1ConcRefinementThreads                  = 4                                         {product} {ergonomic}
   size_t G1HeapRegionSize                         = 1048576                                   {product} {ergonomic}
    uintx GCDrainStackTargetSize                   = 64                                        {product} {ergonomic}
   size_t InitialHeapSize                          = 65011712                                  {product} {ergonomic}
   size_t MarkStackSize                            = 4194304                                   {product} {ergonomic}
   size_t MaxHeapSize                              = 1025507328                                {product} {ergonomic}
   size_t MinHeapDeltaBytes                        = 1048576                                   {product} {ergonomic}
   size_t MinHeapSize                              = 8388608                                   {product} {ergonomic}
    uintx NonNMethodCodeHeapSize                   = 5832780                                {pd product} {ergonomic}
    uintx NonProfiledCodeHeapSize                  = 122912730                              {pd product} {ergonomic}
    uintx ProfiledCodeHeapSize                     = 122912730                              {pd product} {ergonomic}
    uintx ReservedCodeCacheSize                    = 251658240                              {pd product} {ergonomic}
     bool SegmentedCodeCache                       = true                                      {product} {ergonomic}
   size_t SoftMaxHeapSize                          = 1025507328                             {manageable} {ergonomic}
     bool UseCompressedOops                        = true                           {product lp64_product} {ergonomic}
     bool UseG1GC                                  = true                                      {product} {ergonomic}
     bool UseLargePagesIndividualAllocation        = false                                  {pd product} {ergonomic}

Logging:
Log output configuration:
 #0: stdout all=warning uptime,level,tags foldmultilines=false
 #1: stderr all=off uptime,level,tags foldmultilines=false

Environment Variables:
PATH=C:\Program Files\Git\mingw64\libexec\git-core;C:\Program Files\Git\mingw64\libexec\git-core;C:\Program Files\Git\mingw64\bin;C:\Program Files\Git\usr\bin;C:\Users\obing\bin;C:\Users\obing\AppData\Roaming\JetBrains\WebStorm2024.3\node\versions\20.15.0;C:\WINDOWS\system32;C:\WINDOWS;C:\WINDOWS\System32\Wbem;C:\WINDOWS\System32\WindowsPowerShell\v1.0;C:\WINDOWS\System32\OpenSSH;C:\Program Files\HP\HP One Agent;C:\Users\obing\AppData\Local\Programs\cursor\resources\app\bin;C:\Program Files\Git\cmd;C:\Users\obing\AppData\Local\Microsoft\WindowsApps;C:\Users\obing\AppData\Local\Programs\Windsurf\bin;C:\Program Files\JetBrains\WebStorm 2024.3.1\bin
USERNAME=obing
DISPLAY=:0.0
LC_ALL=en_US.UTF-8
TERM=xterm-256color
TMPDIR=C:\Users\obing\AppData\Local\Temp
OS=Windows_NT
PROCESSOR_IDENTIFIER=Intel64 Family 6 Model 122 Stepping 8, GenuineIntel
TMP=C:\Users\obing\AppData\Local\Temp
TEMP=C:\Users\obing\AppData\Local\Temp




Periodic native trim disabled

JNI global refs:
JNI global refs: 0, weak refs: 0

JNI global refs memory usage: 0, weak refs: 0

Process memory usage:
Resident Set Size: 10932K (0% of 4005196K total physical memory with 430964K free physical memory)

OOME stack traces (most recent first):
Classloader memory used:

---------------  S Y S T E M  ---------------

OS:
 Windows 11 , 64 bit Build 22621 (10.0.22621.4391)
OS uptime: 3 days 2:33 hours

CPU: total 4 (initial active 4) (4 cores per cpu, 1 threads per core) family 6 model 122 stepping 8 microcode 0x22, cx8, cmov, fxsr, mmx, 3dnowpref, sse, sse2, sse3, ssse3, sse4.1, sse4.2, popcnt, tsc, tscinvbit, aes, erms, clmul, sha, clflush, clflushopt, rdtscp, rdpid
Processor Information for all 4 processors :
  Max Mhz: 1101, Current Mhz: 1101, Mhz Limit: 1101

Memory: 4k page, system-wide physical 3911M (421M free)
TotalPageFile size 11254M (AvailPageFile size 23M)
current process WorkingSet (physical memory assigned to process): 10M, peak: 10M
current process commit charge ("private bytes"): 51M, peak: 113M

vm_info: OpenJDK 64-Bit Server VM (21.0.5+8-b631.28) for windows-amd64 JRE (21.0.5+8-b631.28), built on 2024-11-23 by "builduser" with MS VC++ 16.10 / 16.11 (VS2019)

END.
